=== ERROR LOG ===
[2025-03-24T00:20:41.144Z] [2025-03-24T00:20:41.143Z] [QR_CODE] Nenhuma sessão foi encontrada, por favor leia o QR-Code para conectar o Whatsapp.

[2025-03-24T00:20:41.693Z] [2025-03-24T00:20:41.693Z] [QR_CODE] O QR Code foi gerado, mas o celular está desconectado. Conecte o WhatsApp no celular e tente novamente.

[2025-03-24T00:21:39.253Z] [2025-03-24T00:21:39.252Z] [QR_CODE] O QR Code foi gerado, mas o celular está desconectado. Conecte o WhatsApp no celular e tente novamente.

[2025-03-24T00:21:41.845Z] [2025-03-24T00:21:41.844Z] [QR_CODE] Nenhuma sessão foi encontrada, por favor leia o QR-Code para conectar o Whatsapp.

[2025-03-24T00:58:51.595Z] [2025-03-24T00:58:51.594Z] [QR_CODE] O QR Code foi gerado, mas o celular está desconectado. Conecte o WhatsApp no celular e tente novamente.

[2025-03-24T00:58:54.387Z] [2025-03-24T00:58:54.387Z] [QR_CODE] Nenhuma sessão foi encontrada, por favor leia o QR-Code para conectar o Whatsapp.

[2025-03-24T01:12:37.080Z] [2025-03-24T01:12:37.079Z] [QR_CODE] O QR Code foi gerado, mas o celular está desconectado. Conecte o WhatsApp no celular e tente novamente.

[2025-03-24T01:12:39.229Z] [2025-03-24T01:12:39.228Z] [QR_CODE] Nenhuma sessão foi encontrada, por favor leia o QR-Code para conectar o Whatsapp.

[2025-03-24T01:19:27.642Z] [2025-03-24T01:19:27.641Z] [QR_CODE] O QR Code foi gerado, mas o celular está desconectado. Conecte o WhatsApp no celular e tente novamente.

[2025-03-24T01:19:29.646Z] [2025-03-24T01:19:29.646Z] [QR_CODE] Nenhuma sessão foi encontrada, por favor leia o QR-Code para conectar o Whatsapp.

[2025-03-24T01:51:53.874Z] [2025-03-24T01:51:53.873Z] [QR_CODE] Nenhuma sessão foi encontrada, por favor leia o QR-Code para conectar o Whatsapp.

[2025-03-24T01:51:54.377Z] [2025-03-24T01:51:54.376Z] [QR_CODE] O QR Code foi gerado, mas o celular está desconectado. Conecte o WhatsApp no celular e tente novamente.

[2025-03-24T02:28:38.011Z] [2025-03-24T02:28:38.010Z] [QR_CODE] O QR Code foi gerado, mas o celular está desconectado. Conecte o WhatsApp no celular e tente novamente.

[2025-03-24T02:28:39.439Z] [2025-03-24T02:28:39.439Z] [QR_CODE] Nenhuma sessão foi encontrada, por favor leia o QR-Code para conectar o Whatsapp.

[2025-03-24T02:31:07.895Z] [2025-03-24T02:31:07.894Z] [QR_CODE] O QR Code foi gerado, mas o celular está desconectado. Conecte o WhatsApp no celular e tente novamente.

[2025-03-24T02:31:09.019Z] [2025-03-24T02:31:09.019Z] [QR_CODE] Nenhuma sessão foi encontrada, por favor leia o QR-Code para conectar o Whatsapp.

[2025-03-24T02:31:33.403Z] [2025-03-24T02:31:33.402Z] [QR_CODE] O QR Code foi gerado, mas o celular está desconectado. Conecte o WhatsApp no celular e tente novamente.

[2025-03-24T02:31:35.153Z] [2025-03-24T02:31:35.152Z] [QR_CODE] Nenhuma sessão foi encontrada, por favor leia o QR-Code para conectar o Whatsapp.

[2025-03-24T02:34:21.189Z] [2025-03-24T02:34:21.188Z] [QR_CODE] O QR Code foi gerado, mas o celular está desconectado. Conecte o WhatsApp no celular e tente novamente.

[2025-03-24T02:34:22.839Z] [2025-03-24T02:34:22.839Z] [QR_CODE] Nenhuma sessão foi encontrada, por favor leia o QR-Code para conectar o Whatsapp.

[2025-03-24T02:34:43.989Z] [2025-03-24T02:34:43.988Z] [QR_CODE] O QR Code foi gerado, mas o celular está desconectado. Conecte o WhatsApp no celular e tente novamente.

[2025-03-24T02:34:45.424Z] [2025-03-24T02:34:45.424Z] [QR_CODE] Nenhuma sessão foi encontrada, por favor leia o QR-Code para conectar o Whatsapp.

[2025-03-24T02:35:03.037Z] [2025-03-24T02:35:03.037Z] [PUPPETEER] A janela do navegador foi fechada. Por favor, reinicie o aplicativo e encerre todas as instancias do Chrome!.

[2025-03-24T02:35:03.439Z] [2025-03-24T02:35:03.438Z] [QR_CODE] Ocorreu um erro ao ler o QR Code. Tente escanear novamente.

[2025-03-24T02:35:03.440Z] [2025-03-24T02:35:03.440Z] [UNKNOWN] O processo foi cancelado automaticamente. Verifique a conexão e tente novamente.

[2025-03-24T02:35:03.442Z] [2025-03-24T02:35:03.442Z] [UNKNOWN] Falha ao inicializar o cliente: undefined

[2025-03-24T02:35:03.442Z] Auto Close Called
[2025-03-24T02:35:03.445Z] [2025-03-24T02:35:03.444Z] [UNKNOWN] Erro ao verificar status: Cannot read properties of null (reading 'isConnected')
TypeError: Cannot read properties of null (reading 'isConnected')
    at StatusServerWpp (file:///C:/Users/Administrator/Desktop/whats2/WhatsUp/src/whatsapp/api/client.js:433:45)
    at InitializeChatBot (file:///C:/Users/Administrator/Desktop/whats2/WhatsUp/src/whatsapp/api/client.js:778:32)

[2025-03-24T14:35:44.542Z] [2025-03-24T14:35:44.542Z] [QR_CODE] O QR Code foi gerado, mas o celular está desconectado. Conecte o WhatsApp no celular e tente novamente.

[2025-03-24T14:35:45.008Z] [2025-03-24T14:35:45.008Z] [QR_CODE] Nenhuma sessão foi encontrada, por favor leia o QR-Code para conectar o Whatsapp.

[2025-03-24T14:36:13.181Z] [2025-03-24T14:36:13.181Z] [QR_CODE] Ocorreu um erro ao ler o QR Code. Tente escanear novamente.

[2025-03-24T14:36:13.183Z] [2025-03-24T14:36:13.183Z] [UNKNOWN] O processo foi cancelado automaticamente. Verifique a conexão e tente novamente.

[2025-03-24T14:36:13.187Z] [2025-03-24T14:36:13.186Z] [UNKNOWN] Falha ao inicializar o cliente: undefined

[2025-03-24T14:36:13.188Z] Auto Close Called
[2025-03-24T14:36:13.193Z] [2025-03-24T14:36:13.193Z] [UNKNOWN] Erro ao verificar status: Cannot read properties of null (reading 'isConnected')
TypeError: Cannot read properties of null (reading 'isConnected')
    at StatusServerWpp (file:///C:/Users/Dell/Desktop/whatsAPP/WhatsUp/src/whatsapp/api/client.js:433:45)
    at InitializeChatBot (file:///C:/Users/Dell/Desktop/whatsAPP/WhatsUp/src/whatsapp/api/client.js:778:32)

[2025-03-24T14:36:13.260Z] [2025-03-24T14:36:13.260Z] [PUPPETEER] A janela do navegador foi fechada. Por favor, reinicie o aplicativo e encerre todas as instancias do Chrome!.

[2025-03-24T14:46:17.420Z] [2025-03-24T14:46:17.419Z] [QR_CODE] O QR Code foi gerado, mas o celular está desconectado. Conecte o WhatsApp no celular e tente novamente.

[2025-03-24T14:46:18.658Z] [2025-03-24T14:46:18.658Z] [QR_CODE] Nenhuma sessão foi encontrada, por favor leia o QR-Code para conectar o Whatsapp.

[2025-03-24T14:46:46.678Z] [2025-03-24T14:46:46.678Z] [QR_CODE] Ocorreu um erro ao ler o QR Code. Tente escanear novamente.

[2025-03-24T14:46:46.680Z] [2025-03-24T14:46:46.679Z] [UNKNOWN] O processo foi cancelado automaticamente. Verifique a conexão e tente novamente.

[2025-03-24T14:46:46.682Z] [2025-03-24T14:46:46.682Z] [UNKNOWN] Falha ao inicializar o cliente: undefined

[2025-03-24T14:46:46.683Z] Auto Close Called
[2025-03-24T14:46:46.685Z] [2025-03-24T14:46:46.685Z] [UNKNOWN] Erro ao verificar status: Cannot read properties of null (reading 'isConnected')
TypeError: Cannot read properties of null (reading 'isConnected')
    at StatusServerWpp (file:///C:/Users/Dell/Desktop/whatsAPP/WhatsUp/src/whatsapp/api/client.js:433:45)
    at InitializeChatBot (file:///C:/Users/Dell/Desktop/whatsAPP/WhatsUp/src/whatsapp/api/client.js:778:32)
    at process.processTicksAndRejections (node:internal/process/task_queues:95:5)

[2025-03-24T14:46:46.728Z] [2025-03-24T14:46:46.727Z] [PUPPETEER] A janela do navegador foi fechada. Por favor, reinicie o aplicativo e encerre todas as instancias do Chrome!.

[2025-03-24T14:51:02.010Z] [2025-03-24T14:51:02.009Z] [QR_CODE] O QR Code foi gerado, mas o celular está desconectado. Conecte o WhatsApp no celular e tente novamente.

[2025-03-24T14:51:02.566Z] [2025-03-24T14:51:02.565Z] [QR_CODE] Nenhuma sessão foi encontrada, por favor leia o QR-Code para conectar o Whatsapp.

[2025-03-24T14:51:31.264Z] [2025-03-24T14:51:31.263Z] [QR_CODE] Ocorreu um erro ao ler o QR Code. Tente escanear novamente.

[2025-03-24T14:51:31.266Z] [2025-03-24T14:51:31.265Z] [UNKNOWN] O processo foi cancelado automaticamente. Verifique a conexão e tente novamente.

[2025-03-24T14:51:31.269Z] [2025-03-24T14:51:31.269Z] [UNKNOWN] Falha ao inicializar o cliente: undefined

[2025-03-24T14:51:31.270Z] Auto Close Called
[2025-03-24T14:51:31.273Z] [2025-03-24T14:51:31.272Z] [UNKNOWN] Erro ao verificar status: Cannot read properties of null (reading 'isConnected')
TypeError: Cannot read properties of null (reading 'isConnected')
    at StatusServerWpp (file:///C:/Users/Dell/Desktop/whatsAPP/WhatsUp/src/whatsapp/api/client.js:433:45)
    at InitializeChatBot (file:///C:/Users/Dell/Desktop/whatsAPP/WhatsUp/src/whatsapp/api/client.js:778:32)

[2025-03-24T14:51:31.431Z] [2025-03-24T14:51:31.430Z] [PUPPETEER] A janela do navegador foi fechada. Por favor, reinicie o aplicativo e encerre todas as instancias do Chrome!.

[2025-03-24T14:59:32.730Z] [2025-03-24T14:59:32.729Z] [QR_CODE] O QR Code foi gerado, mas o celular está desconectado. Conecte o WhatsApp no celular e tente novamente.

[2025-03-24T14:59:33.605Z] [2025-03-24T14:59:33.604Z] [QR_CODE] Nenhuma sessão foi encontrada, por favor leia o QR-Code para conectar o Whatsapp.

[2025-03-24T15:00:01.875Z] [2025-03-24T15:00:01.875Z] [QR_CODE] Ocorreu um erro ao ler o QR Code. Tente escanear novamente.

[2025-03-24T15:00:01.877Z] [2025-03-24T15:00:01.877Z] [UNKNOWN] O processo foi cancelado automaticamente. Verifique a conexão e tente novamente.

[2025-03-24T15:00:01.879Z] [2025-03-24T15:00:01.879Z] [UNKNOWN] Falha ao inicializar o cliente: undefined

[2025-03-24T15:00:01.880Z] Auto Close Called
[2025-03-24T15:00:01.882Z] [2025-03-24T15:00:01.882Z] [UNKNOWN] Erro ao verificar status: Cannot read properties of null (reading 'isConnected')
TypeError: Cannot read properties of null (reading 'isConnected')
    at StatusServerWpp (file:///C:/Users/Dell/Desktop/whatsAPP/WhatsUp/src/whatsapp/api/client.js:433:45)
    at InitializeChatBot (file:///C:/Users/Dell/Desktop/whatsAPP/WhatsUp/src/whatsapp/api/client.js:778:32)

[2025-03-24T15:00:02.113Z] [2025-03-24T15:00:02.113Z] [PUPPETEER] A janela do navegador foi fechada. Por favor, reinicie o aplicativo e encerre todas as instancias do Chrome!.

[2025-03-24T15:16:53.217Z] [2025-03-24T15:16:53.216Z] [QR_CODE] O QR Code foi gerado, mas o celular está desconectado. Conecte o WhatsApp no celular e tente novamente.

[2025-03-24T15:16:53.548Z] [2025-03-24T15:16:53.547Z] [QR_CODE] Nenhuma sessão foi encontrada, por favor leia o QR-Code para conectar o Whatsapp.

[2025-03-24T15:17:22.238Z] [2025-03-24T15:17:22.237Z] [QR_CODE] Ocorreu um erro ao ler o QR Code. Tente escanear novamente.

[2025-03-24T15:17:22.239Z] [2025-03-24T15:17:22.239Z] [UNKNOWN] O processo foi cancelado automaticamente. Verifique a conexão e tente novamente.

[2025-03-24T15:17:22.243Z] [2025-03-24T15:17:22.243Z] [UNKNOWN] Falha ao inicializar o cliente: undefined

[2025-03-24T15:17:22.244Z] Auto Close Called
[2025-03-24T15:17:22.247Z] [2025-03-24T15:17:22.247Z] [UNKNOWN] Erro ao verificar status: Cannot read properties of null (reading 'isConnected')
TypeError: Cannot read properties of null (reading 'isConnected')
    at StatusServerWpp (file:///C:/Users/Dell/Desktop/whatsAPP/WhatsUp/src/whatsapp/api/client.js:433:45)
    at InitializeChatBot (file:///C:/Users/Dell/Desktop/whatsAPP/WhatsUp/src/whatsapp/api/client.js:778:32)

[2025-03-24T15:17:22.338Z] [2025-03-24T15:17:22.337Z] [PUPPETEER] A janela do navegador foi fechada. Por favor, reinicie o aplicativo e encerre todas as instancias do Chrome!.

[2025-03-24T15:28:12.070Z] [2025-03-24T15:28:12.070Z] [QR_CODE] O QR Code foi gerado, mas o celular está desconectado. Conecte o WhatsApp no celular e tente novamente.

[2025-03-24T15:28:12.708Z] [2025-03-24T15:28:12.708Z] [QR_CODE] Nenhuma sessão foi encontrada, por favor leia o QR-Code para conectar o Whatsapp.

[2025-03-24T15:28:41.307Z] [2025-03-24T15:28:41.307Z] [QR_CODE] Ocorreu um erro ao ler o QR Code. Tente escanear novamente.

[2025-03-24T15:28:41.329Z] [2025-03-24T15:28:41.329Z] [UNKNOWN] O processo foi cancelado automaticamente. Verifique a conexão e tente novamente.

[2025-03-24T15:28:41.332Z] [2025-03-24T15:28:41.332Z] [UNKNOWN] Falha ao inicializar o cliente: undefined

[2025-03-24T15:28:41.333Z] Auto Close Called
[2025-03-24T15:28:41.336Z] [2025-03-24T15:28:41.335Z] [UNKNOWN] Erro ao verificar status: Cannot read properties of null (reading 'isConnected')
TypeError: Cannot read properties of null (reading 'isConnected')
    at StatusServerWpp (file:///C:/Users/Dell/Desktop/whatsAPP/WhatsUp/src/whatsapp/api/client.js:433:45)
    at InitializeChatBot (file:///C:/Users/Dell/Desktop/whatsAPP/WhatsUp/src/whatsapp/api/client.js:778:32)

[2025-03-24T15:28:41.428Z] [2025-03-24T15:28:41.428Z] [PUPPETEER] A janela do navegador foi fechada. Por favor, reinicie o aplicativo e encerre todas as instancias do Chrome!.

[2025-03-24T15:33:23.141Z] [2025-03-24T15:33:23.140Z] [QR_CODE] O QR Code foi gerado, mas o celular está desconectado. Conecte o WhatsApp no celular e tente novamente.

[2025-03-24T15:33:23.317Z] [2025-03-24T15:33:23.317Z] [QR_CODE] Nenhuma sessão foi encontrada, por favor leia o QR-Code para conectar o Whatsapp.

[2025-03-24T15:33:51.796Z] [2025-03-24T15:33:51.796Z] [QR_CODE] Ocorreu um erro ao ler o QR Code. Tente escanear novamente.

[2025-03-24T15:33:51.798Z] [2025-03-24T15:33:51.798Z] [UNKNOWN] O processo foi cancelado automaticamente. Verifique a conexão e tente novamente.

[2025-03-24T15:33:51.800Z] [2025-03-24T15:33:51.800Z] [UNKNOWN] Falha ao inicializar o cliente: undefined

[2025-03-24T15:33:51.801Z] Auto Close Called
[2025-03-24T15:33:51.804Z] [2025-03-24T15:33:51.803Z] [UNKNOWN] Erro ao verificar status: Cannot read properties of null (reading 'isConnected')
TypeError: Cannot read properties of null (reading 'isConnected')
    at StatusServerWpp (file:///C:/Users/Dell/Desktop/whatsAPP/WhatsUp/src/whatsapp/api/client.js:433:45)
    at InitializeChatBot (file:///C:/Users/Dell/Desktop/whatsAPP/WhatsUp/src/whatsapp/api/client.js:778:32)

[2025-03-24T15:33:51.857Z] [2025-03-24T15:33:51.856Z] [PUPPETEER] A janela do navegador foi fechada. Por favor, reinicie o aplicativo e encerre todas as instancias do Chrome!.

