=== ERROR LOG ===
[2025-03-25T13:55:58.662Z] [2025-03-25T13:55:58.658Z] [QR_CODE] O QR Code foi gerado, mas o celular está desconectado. Conecte o WhatsApp no celular e tente novamente.

[2025-03-25T13:55:59.510Z] [2025-03-25T13:55:59.510Z] [QR_CODE] Nenhuma sessão foi encontrada, por favor leia o QR-Code para conectar o Whatsapp.

[2025-03-25T13:56:27.980Z] [2025-03-25T13:56:27.980Z] [QR_CODE] Ocorreu um erro ao ler o QR Code. Tente escanear novamente.

[2025-03-25T13:56:27.982Z] [2025-03-25T13:56:27.982Z] [UNKNOWN] O processo foi cancelado automaticamente. Verifique a conexão e tente novamente.

[2025-03-25T13:56:28.003Z] [2025-03-25T13:56:28.003Z] [UNKNOWN] Falha ao inicializar o cliente: undefined

[2025-03-25T13:56:28.004Z] Auto Close Called
[2025-03-25T13:56:28.006Z] [2025-03-25T13:56:28.006Z] [UNKNOWN] Erro ao verificar status: Cannot read properties of null (reading 'isConnected')
TypeError: Cannot read properties of null (reading 'isConnected')
    at StatusServerWpp (file:///C:/Users/Dell/Desktop/whatsAPP/WhatsUp/src/whatsapp/api/client.js:433:45)
    at InitializeChatBot (file:///C:/Users/Dell/Desktop/whatsAPP/WhatsUp/src/whatsapp/api/client.js:778:32)

[2025-03-25T13:56:28.191Z] [2025-03-25T13:56:28.190Z] [PUPPETEER] A janela do navegador foi fechada. Por favor, reinicie o aplicativo e encerre todas as instancias do Chrome!.

[2025-03-25T15:17:20.207Z] [2025-03-25T15:17:20.206Z] [QR_CODE] O QR Code foi gerado, mas o celular está desconectado. Conecte o WhatsApp no celular e tente novamente.

[2025-03-25T15:17:21.134Z] [2025-03-25T15:17:21.133Z] [QR_CODE] Nenhuma sessão foi encontrada, por favor leia o QR-Code para conectar o Whatsapp.

[2025-03-25T15:17:49.053Z] [2025-03-25T15:17:49.053Z] [QR_CODE] Ocorreu um erro ao ler o QR Code. Tente escanear novamente.

[2025-03-25T15:17:49.055Z] [2025-03-25T15:17:49.055Z] [UNKNOWN] O processo foi cancelado automaticamente. Verifique a conexão e tente novamente.

[2025-03-25T15:17:49.058Z] [2025-03-25T15:17:49.057Z] [UNKNOWN] Falha ao inicializar o cliente: undefined

[2025-03-25T15:17:49.058Z] Auto Close Called
[2025-03-25T15:17:49.060Z] [2025-03-25T15:17:49.060Z] [UNKNOWN] Erro ao verificar status: Cannot read properties of null (reading 'isConnected')
TypeError: Cannot read properties of null (reading 'isConnected')
    at StatusServerWpp (file:///C:/Users/Dell/Desktop/whatsAPP/WhatsUp/src/whatsapp/api/client.js:433:45)
    at InitializeChatBot (file:///C:/Users/Dell/Desktop/whatsAPP/WhatsUp/src/whatsapp/api/client.js:778:32)

[2025-03-25T15:17:49.136Z] [2025-03-25T15:17:49.136Z] [PUPPETEER] A janela do navegador foi fechada. Por favor, reinicie o aplicativo e encerre todas as instancias do Chrome!.

[2025-03-25T15:50:44.526Z] [2025-03-25T15:50:44.526Z] [QR_CODE] O QR Code foi gerado, mas o celular está desconectado. Conecte o WhatsApp no celular e tente novamente.

[2025-03-25T15:51:00.417Z] [2025-03-25T15:51:00.416Z] [QR_CODE] Nenhuma sessão foi encontrada, por favor leia o QR-Code para conectar o Whatsapp.

[2025-03-25T15:51:00.624Z] [2025-03-25T15:51:00.624Z] [UNKNOWN] O processo foi cancelado automaticamente. Verifique a conexão e tente novamente.

[2025-03-25T15:51:00.627Z] [2025-03-25T15:51:00.627Z] [UNKNOWN] Falha ao inicializar o cliente: undefined

[2025-03-25T15:51:00.628Z] Failed to read the QRCode
[2025-03-25T15:51:00.630Z] [2025-03-25T15:51:00.630Z] [UNKNOWN] Erro ao verificar status: Cannot read properties of null (reading 'isConnected')
TypeError: Cannot read properties of null (reading 'isConnected')
    at StatusServerWpp (file:///C:/Users/Dell/Desktop/whatsAPP/WhatsUp/src/whatsapp/api/client.js:433:45)
    at InitializeChatBot (file:///C:/Users/Dell/Desktop/whatsAPP/WhatsUp/src/whatsapp/api/client.js:778:32)

[2025-03-25T15:51:00.682Z] [2025-03-25T15:51:00.682Z] [PUPPETEER] A janela do navegador foi fechada. Por favor, reinicie o aplicativo e encerre todas as instancias do Chrome!.

